tessdata_ramayana/ram-eval
Tesseract Open Source OCR Engine v5.0.0-alpha-360-gfdf4 with Leptonica
9.00user 0.22system 0:03.11elapsed 296%CPU (0avgtext+0avgdata 138112maxresident)k
0inputs+8outputs (0major+69868minor)pagefaults 0swaps
Tesseract Open Source OCR Engine v5.0.0-alpha-360-gfdf4 with Leptonica
0.76user 0.14system 0:00.91elapsed 100%CPU (0avgtext+0avgdata 138016maxresident)k
0inputs+160outputs (0major+69851minor)pagefaults 0swaps
tessdata_ramayana/ram025
Tesseract Open Source OCR Engine v5.0.0-alpha-360-gfdf4 with Leptonica
10.72user 0.24system 0:03.52elapsed 311%CPU (0avgtext+0avgdata 138076maxresident)k
0inputs+8outputs (0major+69861minor)pagefaults 0swaps
Tesseract Open Source OCR Engine v5.0.0-alpha-360-gfdf4 with Leptonica
0.79user 0.15system 0:00.95elapsed 99%CPU (0avgtext+0avgdata 137908maxresident)k
0inputs+184outputs (0major+69854minor)pagefaults 0swaps
tessdata_ramayana/ram026
Tesseract Open Source OCR Engine v5.0.0-alpha-360-gfdf4 with Leptonica
11.11user 0.20system 0:03.59elapsed 314%CPU (0avgtext+0avgdata 138120maxresident)k
0inputs+8outputs (0major+69866minor)pagefaults 0swaps
Tesseract Open Source OCR Engine v5.0.0-alpha-360-gfdf4 with Leptonica
0.82user 0.14system 0:00.96elapsed 100%CPU (0avgtext+0avgdata 138024maxresident)k
0inputs+208outputs (0major+69848minor)pagefaults 0swaps
tessdata_ramayana/ram027
Tesseract Open Source OCR Engine v5.0.0-alpha-360-gfdf4 with Leptonica
11.60user 0.19system 0:03.75elapsed 314%CPU (0avgtext+0avgdata 138064maxresident)k
0inputs+8outputs (0major+69866minor)pagefaults 0swaps
Tesseract Open Source OCR Engine v5.0.0-alpha-360-gfdf4 with Leptonica
0.83user 0.13system 0:00.97elapsed 99%CPU (0avgtext+0avgdata 137836maxresident)k
0inputs+200outputs (0major+69856minor)pagefaults 0swaps
tessdata_ramayana/ram028
Tesseract Open Source OCR Engine v5.0.0-alpha-360-gfdf4 with Leptonica
10.78user 0.18system 0:03.49elapsed 314%CPU (0avgtext+0avgdata 137936maxresident)k
0inputs+8outputs (0major+69865minor)pagefaults 0swaps
Tesseract Open Source OCR Engine v5.0.0-alpha-360-gfdf4 with Leptonica
0.82user 0.12system 0:00.94elapsed 100%CPU (0avgtext+0avgdata 137852maxresident)k
0inputs+200outputs (0major+69849minor)pagefaults 0swaps
Version string:4.00.00alpha:Devanagari:synth20170629test

0:config:size=552, offset=192
17:lstm:size=11040731, offset=744
18:lstm-punc-dawg:size=5210, offset=11041475
19:lstm-word-dawg:size=17494186, offset=11046685
20:lstm-number-dawg:size=5098, offset=28540871
21:lstm-unicharset:size=13692, offset=28545969
22:lstm-recoder:size=1957, offset=28559661
23:version:size=42, offset=28561618
Extracting tessdata components from /home/sarthak/tessdata_best/script/Devanagari.traineddata
Wrote /home/sarthak/tessdata_best/script/Devanagari.config
Wrote /home/sarthak/tessdata_best/script/Devanagari.lstm
Wrote /home/sarthak/tessdata_best/script/Devanagari.lstm-punc-dawg
Wrote /home/sarthak/tessdata_best/script/Devanagari.lstm-word-dawg
Wrote /home/sarthak/tessdata_best/script/Devanagari.lstm-number-dawg
Wrote /home/sarthak/tessdata_best/script/Devanagari.lstm-unicharset
Wrote /home/sarthak/tessdata_best/script/Devanagari.lstm-recoder
Wrote /home/sarthak/tessdata_best/script/Devanagari.version
rm: cannot remove 'build/*checkpoint': No such file or directory
rm: cannot remove 'ram*.traineddata': No such file or directory
Loaded file /home/sarthak/tessdata_best/script/Devanagari.lstm, unpacking...
Warning: LSTMTrainer deserialized an LSTMRecognizer!
Continuing from /home/sarthak/tessdata_best/script/Devanagari.lstm
Loaded 23/23 pages (1-23) of document tessdata_ramayana/ram025.lstmf
Loaded 25/25 pages (1-25) of document tessdata_ramayana/ram026.lstmf
Loaded 23/23 pages (1-23) of document tessdata_ramayana/ram027.lstmf
Loaded 23/23 pages (1-23) of document tessdata_ramayana/ram028.lstmf
Iteration 0: ALIGNED TRUTH : वा्मीिुनिसस्य कवितताावनचारिणः । 
Iteration 0: BEST OCR TEXT : भ्र।वष्णवसम्मदायः,
File tessdata_ramayana/ram025.lstmf page 0 :
Mean rms=5.294%, delta=78.022%, train=77.778%(100%), skip ratio=0%
Iteration 1: ALIGNED TRUTH : तत्र तत्र कृकृतमस्तकालिमम् । 
Iteration 1: BEST OCR TEXT : यश्र यन्न रघुनाथक्ोतनं
File tessdata_ramayana/ram026.lstmf page 0 :
Mean rms=4.882%, delta=69.274%, train=92.735%(100%), skip ratio=0%
Iteration 2: ALIGNED TRUTH : सर्वाभीष्टप्रदं रामं सर्वारिष्टनिवारारकम्  
Iteration 2: BEST OCR TEXT : 'सर्वविध्तप्रशमतं सर्वसिद्षिकरं परम्‌ ।
File tessdata_ramayana/ram027.lstmf page 0 :
Mean rms=4.494%, delta=59.361%, train=79.284%(91.667%), skip ratio=0%
Iteration 3: ALIGNED TRUTH : रामायणमणमहाामालारतत्नं वन्देऽनिलात्ामजम् ॥१३॥
Iteration 3: BEST OCR TEXT : गोष्पदी छृतघारीशं मशकोङृतररापस
File tessdata_ramayana/ram028.lstmf page 0 :
Mean rms=4.483%, delta=58.85%, train=88.034%(93.75%), skip ratio=0%
Empty truth string!
Can't encode transcription: '' in language ''
Iteration 4: ALIGNED TRUTH :  प्राप्रदायय तेेनैव ददाह लड्््कां 
Iteration 4: BEST OCR TEXT : ' यः शोाच्वहि ननवातञायाः ।
File tessdata_ramayana/ram026.lstmf page 1 :
Mean rms=4.411%, delta=56.706%, train=88.946%(95%), skip ratio=20%
Iteration 5: ALIGNED TRUTH : ललक्ष्मीनारायणं वनन्दे तद्भकप्रवरो हि  यः। । 
Iteration 5: BEST OCR TEXT : घुक्काम्चरधरं विष्णं शशिव्ण चतुभुञम्‌ ।
File tessdata_ramayana/ram027.lstmf page 1 :
Mean rms=4.47%, delta=58.178%, train=87.455%(95.833%), skip ratio=16.667%
Iteration 6: ALIGNED TRUTH : श्ृगवनरामकथानाादंं को न याति परां गतिम ॥११ ॥
Iteration 6: BEST OCR TEXT : घमीकेछुनिसिहस्य कर्विवावनचारिः ।
File tessdata_ramayana/ram028.lstmf page 1 :
Mean rms=4.504%, delta=58.937%, train=88.612%(96.429%), skip ratio=14.286%
Compute CTC targets failed!
Iteration 7: ALIGNED TRUTH : ररवरघुवरिचित मुं निपुनिप्रणीतं 
Iteration 7: BEST OCR TEXT : सममध्ुरापनतार्थवाक्यदद्धस्‌ ।
File tessdata_ramayana/ram026.lstmf page 2 :
Mean rms=4.551%, delta=59.346%, train=94.383%(96.875%), skip ratio=25%
Iteration 8: ALIGNED TRUTH : जयतीर्थाख्यतरणिरिर्भासतांं नो हृदम्वरेर ॥ ॥८॥
Iteration 8: BEST OCR TEXT : मम वर्चसि विशत्ता सन्निधि मनसे च ॥ ७॥
File tessdata_ramayana/ram027.lstmf page 2 :
Mean rms=4.626%, delta=61.662%, train=95.292%(97.222%), skip ratio=22.222%
Iteration 9: ALIGNED TRUTH : पादायाय तेनैव ददाह  लड्डडां 
Iteration 9: BEST OCR TEXT : यः शोकर्वि जनकततमज्ञाथाः 1
File tessdata_ramayana/ram028.lstmf page 2 :
Mean rms=4.654%, delta=62.653%, train=98.263%(97.5%), skip ratio=20%
Iteration 10: ALIGNED TRUTH : अज्जनानन्दनंवोनं वोनर जीशानकीशोोकनाशननम । 
Iteration 10: BEST OCR TEXT : यः पिवन्सततं रामचरितासृतसागरम्‌ ।
File tessdata_ramayana/ram025.lstmf page 3 :
Mean rms=4.665%, delta=63.018%, train=100.025%(95.455%), skip ratio=18.182%
Iteration 11: ALIGNED TRUTH : म्येपपुष्कमासने मणिमये वीसे सुखयतम् ।
Iteration 11: BEST OCR TEXT : पैदेहोसदितं सुरदुमतले हैमे मदामण्डपे
File tessdata_ramayana/ram026.lstmf page 3 :
Mean rms=4.676%, delta=62.6%, train=98.085%(95.833%), skip ratio=16.667%
Iteration 12: ALIGNED TRUTH : वेदेे रामायणे चैवैवैव पुराणे भारतरते तथता था । 
Iteration 12: BEST OCR TEXT : लक्ष्पीनारायणं वन्रे तद्भक्रवरे हि यः ।
File tessdata_ramayana/ram027.lstmf page 3 :
Mean rms=4.636%, delta=61.586%, train=97.592%(95.055%), skip ratio=15.385%
Iteration 13: ALIGNED TRUTH : मारहह्य कविताशास्रां वन्ददे वालाल्मीकिकोकल ॥ १०॥
Iteration 13: BEST OCR TEXT : कू जन्तं सम रामेति मध्युर मधुयचल  
File tessdata_ramayana/ram028.lstmf page 3 :
Mean rms=4.618%, delta=61.008%, train=95.978%(95.408%), skip ratio=14.286%
Iteration 14: ALIGNED TRUTH : श्ररीवैैष्णवसम्पप््रररदााय 
Iteration 14: BEST OCR TEXT : %ा पारायण होता हैं, उन्दीं सम्प्रदायों के अनुसार उपक्रम और लमाएन कम
File tessdata_ramayana/ram025.lstmf page 4 :
Mean rms=4.673%, delta=62.496%, train=107.913%(95.714%), skip ratio=13.333%
Iteration 15: ALIGNED TRUTH : माञ्ाञ्जनेयमतिपाटललाननं 
Iteration 15: BEST OCR TEXT : लमासि दं प्राञ्जव्तिरातयम्‌ श ७ ॥
File tessdata_ramayana/ram026.lstmf page 4 :
Mean rms=4.653%, delta=62.016%, train=108.043%(95.982%), skip ratio=12.5%
Iteration 16: ALIGNED TRUTH : पप्रसन्नवदनं ध्यायेतसर्वविध्नोपशान्तये ॥ १॥ 
Iteration 16: BEST OCR TEXT : माध्नस स्भदा[यः
File tessdata_ramayana/ram027.lstmf page 4 :
Mean rms=4.7%, delta=63.83%, train=106.634%(96.218%), skip ratio=11.765%
Iteration 17: ALIGNED TRUTH : वाल्मीकैर्मुनिसिंंहस्य कवविताववनचारिगगााः । । 
Iteration 17: BEST OCR TEXT : ा किताशास्ा दन्दे घाल्ीकिकोकिलम्‌ ॥ १० ॥
File tessdata_ramayana/ram028.lstmf page 4 :
Mean rms=4.689%, delta=63.542%, train=105.838%(96.429%), skip ratio=11.111%
Empty truth string!
Can't encode transcription: '' in language ''
Iteration 18: ALIGNED TRUTH : यत्र यततत्र रघुघुाधनाधकीर्ीतनंं  
Iteration 18: BEST OCR TEXT : भावया(मि परसाननन्दलम्‌ ॥ ८ ॥
File tessdata_ramayana/ram026.lstmf page 5 :
Mean rms=4.653%, delta=62.634%, train=107.505%(96.617%), skip ratio=15.789%
Iteration 19: ALIGNED TRUTH : अग्ने षाचयति प्रभञ्चनसुते तवं मिभ्यः परं 
Iteration 19: BEST OCR TEXT : ( ३.)
File tessdata_ramayana/ram027.lstmf page 5 :
Mean rms=4.856%, delta=68.724%, train=107.478%(96.786%), skip ratio=15%
Iteration 20: ALIGNED TRUTH : मनोजजवं मार ुततुुल्यवेगगंं ं 
Iteration 20: BEST OCR TEXT : कषीशम्षदस्तार घन्दे लङ्ासयङ्रम्‌ ॥ ९७॥
File tessdata_ramayana/ram028.lstmf page 5 :
Mean rms=4.811%, delta=67.462%, train=109.936%(96.939%), skip ratio=14.286%
Iteration 21: ALIGNED TRUTH : श्रीमद्रामयणपाराणोपक
Iteration 21: BEST OCR TEXT : 1ः iN
File tessdata_ramayana/ram025.lstmf page 6 :
Mean rms=4.807%, delta=67.564%, train=110.472%(97.078%), skip ratio=13.636%
Iteration 22: ALIGNED TRUTH : ससीतापति रघुकुललान्वयरतदतदीपम् ् ।। 
Iteration 22: BEST OCR TEXT : भ्ीराधं द्शरथात्सञ्ञसपेयं
File tessdata_ramayana/ram026.lstmf page 6 :
Mean rms=4.778%, delta=66.484%, train=109.867%(97.205%), skip ratio=13.043%
Empty truth string!
Can't encode transcription: '' in language ''
Iteration 23: ALIGNED TRUTH : गोोपदीीकृतावारीशं मशकीकृतरराकृषरम्षसम् । 
Iteration 23: BEST OCR TEXT : भ्रृ्तस्द भुि च्दे प्राचेतसमकमम्‌ ॥ २ ॥
File tessdata_ramayana/ram028.lstmf page 6 :
Mean rms=4.736%, delta=65.039%, train=109.961%(97.321%), skip ratio=16.667%
Iteration 24: ALIGNED TRUTH : मनोजजजजोजजववोजवं मारााररुतुलुल्ययवेगं 
Iteration 24: BEST OCR TEXT : गेर्पदीछत दारीशं मशकीकतरा्ञसम्‌ ।
File tessdata_ramayana/ram025.lstmf page 7 :
Mean rms=4.708%, delta=64.394%, train=111.017%(97.429%), skip ratio=16%
Iteration 25: ALIGNED TRUTH : भाववयामि पवमाननन्दनम् ॥ ८॥ ॥ 
Iteration 25: BEST OCR TEXT : ारिलाततसमूल वा स्पिन
File tessdata_ramayana/ram026.lstmf page 7 :
Mean rms=4.678%, delta=63.442%, train=110.309%(97.527%), skip ratio=15.385%
Iteration 26: ALIGNED TRUTH : आनन्दतीर्थथमततुलं भजजे तापतरयापहम् ॥ ६ ॥ 
Iteration 26: BEST OCR TEXT : जावकोजानिमनिशं वस्दं मद्खुदवन्द्तिम्‌ | ५ ॥
File tessdata_ramayana/ram027.lstmf page 7 :
Mean rms=4.655%, delta=62.851%, train=109.927%(97.002%), skip ratio=14.815%
Iteration 27: ALIGNED TRUTH : श्रीदूत ािरतमदूत शरसा नरसमा॥मि ॥ १५ ॥  
Iteration 27: BEST OCR TEXT : ाताव्मज वानस्थूथसुुयं
File tessdata_ramayana/ram028.lstmf page 7 :
Mean rms=4.614%, delta=61.523%, train=109.691%(97.109%), skip ratio=14.286%
Iteration 28: ALIGNED TRUTH : अतृपृप्तस्तं मुननि वन्दे प््राचेतसमक्लल्मषम ॥ ३ ॥ 
Iteration 28: BEST OCR TEXT : शारुद्य कर्विताशा्खा चस्दे वाोकिककितम्‌ ॥ १ ॥
File tessdata_ramayana/ram025.lstmf page 8 :
Mean rms=4.579%, delta=60.519%, train=108.887%(96.223%), skip ratio=13.793%
Iteration 29: ALIGNED TRUTH : श्ीरीघराघवं दशरथाात्शरात्मजमप्रमेयं  
Iteration 29: BEST OCR TEXT : द्शशिर्स्च घथ निशामय्वम्‌ ॥ ११ ॥
File tessdata_ramayana/ram026.lstmf page 8 :
Mean rms=4.563%, delta=60.044%, train=108.472%(96.349%), skip ratio=13.333%
Iteration 30: ALIGNED TRUTH : सककवलवचचचनचेेतोदेववता भारती     ससससससााााााा 
Iteration 30: BEST OCR TEXT : भधर्ति यदचुावादडसूकीऽपि वारमी
File tessdata_ramayana/ram027.lstmf page 8 :
Mean rms=4.533%, delta=58.972%, train=108.069%(96.467%), skip ratio=12.903%
Iteration 31: ALIGNED TRUTH : कपीपीमक्शम्षहनन्तातरं वन्न्दे ल्ाङ्य्ा्यकामयङ्ककर्करम् ॥ १४॥
Iteration 31: BEST OCR TEXT : छञ्जनानन्दनं सीर जानवीीशोकनाशाम्‌ 1॥
File tessdata_ramayana/ram028.lstmf page 8 :
Mean rms=4.497%, delta=57.73%, train=107.741%(96.577%), skip ratio=12.5%
Iteration 32: ALIGNED TRUTH : कपीशक्षहन्तांााारं वन्दे लङ्ला्काभयङ्कररभयङररम ॥ ५५ ॥ 
Iteration 32: BEST OCR TEXT : अस्तं घुनि वन्दे भ्राचेतसमकमम्‌ ॥ २ ॥
File tessdata_ramayana/ram025.lstmf page 9 :
Mean rms=4.466%, delta=56.89%, train=106.619%(95.166%), skip ratio=12.121%
Iteration 33: ALIGNED TRUTH :   यः शकवहिकवहि जनकात्मजायाः ।।। 
Iteration 33: BEST OCR TEXT : उल्लङ्कय सिन्थोः सस्तित्तं सलीलं
File tessdata_ramayana/ram026.lstmf page 9 :
Mean rms=4.456%, delta=56.771%, train=107.556%(95.308%), skip ratio=11.765%
Iteration 34: ALIGNED TRUTH : आदावनन्ते च मध्ये विषणुः सर्वते चर विष्णुः सर्यत्रगीयते ॥३॥ ३॥ 
Iteration 34: BEST OCR TEXT : झीसदान्दतीर्था्यो खुुस्त च नमा्यहम्‌ ॥ २॥
File tessdata_ramayana/ram027.lstmf page 9 :
Mean rms=4.426%, delta=55.873%, train=106.705%(95.085%), skip ratio=11.429%
Iteration 35: ALIGNED TRUTH : कूजन्ततं रामााम रामेति मधुरुरं म धुरातसमम् ् ।
Iteration 35: BEST OCR TEXT : शुाचं व्यक्चयस्दी सति थीजयतीवा ॥ £ ।
File tessdata_ramayana/ram028.lstmf page 9 :
Mean rms=4.407%, delta=55.314%, train=106.519%(94.759%), skip ratio=11.111%
Iteration 36: ALIGNED TRUTH : गोष्ष्पददीककृतवाावाीवारीशं मशकीकृतराक्ष्स्षषसम म । 
Iteration 36: BEST OCR TEXT : घामी किसुनिसिहस्य कावितावयारिशः ।
File tessdata_ramayana/ram025.lstmf page 10 :
Mean rms=4.384%, delta=54.731%, train=106.422%(93.999%), skip ratio=10.811%
Iteration 37: ALIGNED TRUTH : वेदवेदः प्राचेतसाादास्साञादामणात्मना ॥ १०० ॥ 
Iteration 37: BEST OCR TEXT : देद्वेदयं परे पसि झते दशास्याये ।
File tessdata_ramayana/ram026.lstmf page 10 :
Mean rms=4.357%, delta=53.989%, train=105.715%(94.157%), skip ratio=10.526%
Iteration 38: ALIGNED TRUTH : सरर्वजीवप्रण्तेारं वनन्दे दे विजयदं हरििम्् ॥ ४४॥ 
Iteration 38: BEST OCR TEXT : झादावन्ते च मध्ये द विषुः सर्व गीयते ॥ ३ ॥
File tessdata_ramayana/ram027.lstmf page 10 :
Mean rms=4.336%, delta=53.383%, train=104.818%(93.88%), skip ratio=10.256%
Iteration 39: ALIGNED TRUTH : भाञाञ्जनेयमममतिपाटलालाने  
Iteration 39: BEST OCR TEXT : नामि ते पालिनेयम्‌ ॥ १६ ॥
File tessdata_ramayana/ram028.lstmf page 10 :
Mean rms=4.315%, delta=52.713%, train=104.447%(94.033%), skip ratio=10%
Iteration 40: ALIGNED TRUTH : यः पिवन्सततं रामचचरररिताामाृतमतततसागगरम  
Iteration 40: BEST OCR TEXT : कून्त राम रपेति मुर मुराम ।
File tessdata_ramayana/ram025.lstmf page 11 :
Mean rms=4.29%, delta=52.022%, train=103.501%(93.569%), skip ratio=9.756%
Iteration 41: ALIGNED TRUTH : पाररिजातततरुरुुमूलवूलवासिनंंनंनंं 
Iteration 41: BEST OCR TEXT : काादिकमीयाचियम्‌ ।
File tessdata_ramayana/ram026.lstmf page 11 :
Mean rms=4.265%, delta=51.192%, train=103.774%(93.722%), skip ratio=9.524%
Empty truth string!
Can't encode transcription: '' in language ''
Iteration 42: ALIGNED TRUTH : गुुभववं वव्यञ्जयन्ती भाति शि ्रीजयतीर्थवाकक् ॥ ६ ॥
Iteration 42: BEST OCR TEXT : ः पदैदच यीरवाविमनिरिः ।
File tessdata_ramayana/ram028.lstmf page 11 :
Mean rms=4.245%, delta=50.482%, train=103.637%(93.868%), skip ratio=11.628%
Iteration 43: ALIGNED TRUTH : जितितेेने्न्द्न्द्रिययं बुुद््धिमतां वरिषिष्ठम ।  
Iteration 43: BEST OCR TEXT : रााय ामाा वन्दनिला  ॥ ७ ॥
File tessdata_ramayana/ram025.lstmf page 12 :
Mean rms=4.22%, delta=49.75%, train=103.488%(94.007%), skip ratio=11.364%
Iteration 44: ALIGNED TRUTH : नमामि तँँ प््राञ्जजलराञ्जनयम ॥ ७ 
Iteration 44: BEST OCR TEXT : पादाय सेच ददा ला 
File tessdata_ramayana/ram026.lstmf page 12 :
Mean rms=4.198%, delta=49.122%, train=103.093%(94.14%), skip ratio=11.111%
Iteration 45: ALIGNED TRUTH : शुक्लाम्बरधरंविष्णुशशिवर्णंचतुर्भुजम् । 
Iteration 45: BEST OCR TEXT : -    
File tessdata_ramayana/ram027.lstmf page 12 :
Mean rms=4.231%, delta=50.057%, train=102.874%(94.268%), skip ratio=10.87%
Iteration 46: ALIGNED TRUTH : चित्रै पदैश्च गम्भाक्यैमनिरखपिडतैः । 
Iteration 46: BEST OCR TEXT : (८ )
File tessdata_ramayana/ram028.lstmf page 12 :
Mean rms=4.317%, delta=52.589%, train=102.916%(94.39%), skip ratio=10.638%
Iteration 47: ALIGNED TRUTH : पप्रत्येक खण्ड के भे भदिदि और अन्त में क्रमः दे दिययये गये गहैं ह।हैंं । ।] ] 
Iteration 47: BEST OCR TEXT : [नोट--सचातर्म है अस्तर्गत जित पैदिकसस्यदाया ी ीकवा
File tessdata_ramayana/ram025.lstmf page 13 :
Mean rms=4.3%, delta=52.04%, train=102.514%(94.506%), skip ratio=10.417%
Iteration 48: ALIGNED TRUTH : वाप्पवारिपरिपूर्णलोचनं 
Iteration 48: BEST OCR TEXT : द ल छमस  ि्‌ ॥
File tessdata_ramayana/ram026.lstmf page 13 :
Mean rms=4.301%, delta=52.236%, train=103.084%(94.619%), skip ratio=10.204%
Iteration 49: ALIGNED TRUTH : न्यख्यन्तं भरतादिभिः परिवृतं रामं भजे श्या म्यालम् ॥३॥ 
Iteration 49: BEST OCR TEXT : घे ाचयति नुते त्य मुनि्यः पर
File tessdata_ramayana/ram027.lstmf page 13 :
Mean rms=4.276%, delta=51.547%, train=102.379%(94.726%), skip ratio=10%
Iteration 50: ALIGNED TRUTH : जितेनेद्ररियं बुददद्धिमतां वरिष्ठम् 
Iteration 50: BEST OCR TEXT : भने मातलेा
File tessdata_ramayana/ram028.lstmf page 13 :
Mean rms=4.259%, delta=51.054%, train=102.214%(94.83%), skip ratio=9.804%
Iteration 51: ALIGNED TRUTH : का पारायण होा है,उनहीं मप्रदों े अुसारउक्रमऔ समापनक्रम
Iteration 51: BEST OCR TEXT : भामदासायसिय
File tessdata_ramayana/ram025.lstmf page 14 :
Mean rms=4.259%, delta=51.005%, train=101.976%(94.929%), skip ratio=9.615%
Iteration 52: ALIGNED TRUTH : तदुपुगपतगमातासमसाासासनसनसनन््धिििययोगं ं 
Iteration 52: BEST OCR TEXT : घेद्‌ः ाचवसादासीताााय   
File tessdata_ramayana/ram026.lstmf page 14 :
Mean rms=4.24%, delta=50.496%, train=102.788%(95.025%), skip ratio=9.434%
Iteration 53: ALIGNED TRUTH : अभ्र्मं भङ्गारं रहितमजडं मजार्वा रविमडलं ं संदाा। । 
Iteration 53: BEST OCR TEXT : सर्वाी ा सरारिनिवाकम्‌ ।
File tessdata_ramayana/ram027.lstmf page 14 :
Mean rms=4.213%, delta=49.72%, train=102.464%(94.746%), skip ratio=9.259%
Empty truth string!
Can't encode transcription: '' in language ''
Iteration 54: ALIGNED TRUTH : ककूकूूजूनजन्तं रं राममम रामामेति मधुरं ममधुराक कक्षषररमम म । 
Iteration 54: BEST OCR TEXT : त्ये सण्ड क अि ीर अन्त मे कमा दे दियो थये है । ]
File tessdata_ramayana/ram025.lstmf page 15 :
Mean rms=4.198%, delta=49.314%, train=102.802%(94.539%), skip ratio=10.909%
Iteration 55: ALIGNED TRUTH : मारुति नमत राक्षसान्तकम् ॥ ६ ॥ 
Iteration 55: BEST OCR TEXT : दपािपरिर्णय
File tessdata_ramayana/ram026.lstmf page 15 :
Mean rms=4.205%, delta=49.282%, train=102.81%(94.636%), skip ratio=10.714%
Iteration 56: ALIGNED TRUTH : मााध्ववससम्््पपदायायः 
Iteration 56: BEST OCR TEXT : ्यायानत भतिसिः पित राम भजे याम ॥१३७
File tessdata_ramayana/ram027.lstmf page 15 :
Mean rms=4.2%, delta=49.188%, train=104.64%(94.731%), skip ratio=10.526%
Iteration 57: ALIGNED TRUTH : यःयः शोकववह्निि जनकात्मजाजयाः।  
Iteration 57: BEST OCR TEXT : उय स्ि्ोः सा सीा
File tessdata_ramayana/ram028.lstmf page 15 :
Mean rms=4.176%, delta=48.469%, train=104.162%(94.821%), skip ratio=10.345%
Iteration 58: ALIGNED TRUTH : रराामायायणमहामाजाररं वंं वन््देऽनिलललात्मजमम ॥ ४॥ 
Iteration 58: BEST OCR TEXT : वन    यि प ति   
File tessdata_ramayana/ram025.lstmf page 16 :
Mean rms=4.158%, delta=47.928%, train=104.002%(94.909%), skip ratio=10.169%
Iteration 59: ALIGNED TRUTH : ररामं निशाचरविनाशकरं न मामिमि ॥ १२ ॥ 
Iteration 59: BEST OCR TEXT : मााुासि य
File tessdata_ramayana/ram026.lstmf page 16 :
Mean rms=4.146%, delta=47.528%, train=103.784%(94.994%), skip ratio=10%
Iteration 60: ALIGNED TRUTH : जडमतितििरपि जजन््तुर्जायते प्रारपाज्ञ्माौजज्ञमौलिः।  
Iteration 60: BEST OCR TEXT : ्ा्ी  े ानयाप ॥ ॥
File tessdata_ramayana/ram027.lstmf page 16 :
Mean rms=4.127%, delta=46.979%, train=103.494%(95.076%), skip ratio=9.836%
Iteration 61: ALIGNED TRUTH : अञ्जनानन्दनं वीरं जानकीशोकनाशनम् ।
Iteration 61: BEST OCR TEXT : ा  N 
File tessdata_ramayana/ram028.lstmf page 16 :
Mean rms=4.13%, delta=47.427%, train=103.296%(95.156%), skip ratio=9.677%
Iteration 62: ALIGNED TRUTH : [नोट-सनातनधर्म के अन्तर्गत जिन वैदिकसम्प्रदायों में श्रीमद्रामायण 
Iteration 62: BEST OCR TEXT : R
File tessdata_ramayana/ram025.lstmf page 17 :
Mean rms=4.149%, delta=48.101%, train=103.267%(95.232%), skip ratio=9.524%
Iteration 63: ALIGNED TRUTH : ( २ ) उल्लड्घच सिन्धोः सलीलं सलीलं 
Iteration 63: BEST OCR TEXT : CR)
File tessdata_ramayana/ram026.lstmf page 17 :
Mean rms=4.158%, delta=48.227%, train=103.261%(95.307%), skip ratio=9.375%
Iteration 64: ALIGNED TRUTH : श्रीममनान्ददतीीरर्थाख्यो गगुरुसुसस्तं च नमाम्यहम् ॥२ ॥ 
Iteration 64: BEST OCR TEXT : पन ्यायेविो पये ॥ १ ॥
File tessdata_ramayana/ram027.lstmf page 17 :
Mean rms=4.141%, delta=47.689%, train=103.047%(95.379%), skip ratio=9.231%
Iteration 65: ALIGNED TRUTH : ननमाामिमि ते प्रा्जलिाजेय् ॥्१६  ॥ 
Iteration 65: BEST OCR TEXT : ध्ााय तनेय द 
File tessdata_ramayana/ram028.lstmf page 17 :
Mean rms=4.121%, delta=47.185%, train=102.689%(95.449%), skip ratio=9.091%
Compute CTC targets failed!
Iteration 66: ALIGNED TRUTH : बैदेहसेहीसससहितं सुरदुमतले हैमे महामण्डडपपे 
Iteration 66: BEST OCR TEXT : रम निशाचविाशक ाि ॥  ॥
File tessdata_ramayana/ram026.lstmf page 18 :
Mean rms=4.104%, delta=46.638%, train=102.851%(95.517%), skip ratio=10.448%
Iteration 67: ALIGNED TRUTH : मम वचसिि विधत्तां सन्ि्निधिधि माननसे े ॥७७॥ 
Iteration 67: BEST OCR TEXT : जि ायते पि ।
File tessdata_ramayana/ram027.lstmf page 18 :
Mean rms=4.086%, delta=46.076%, train=102.65%(95.583%), skip ratio=10.294%
Iteration 68: ALIGNED TRUTH : यः पिवन्सततं ररामचरितामृतसागरम् ।
Iteration 68: BEST OCR TEXT :    ि  म  
File tessdata_ramayana/ram028.lstmf page 18 :
Mean rms=4.081%, delta=45.77%, train=102.566%(95.647%), skip ratio=10.145%
Iteration 69: ALIGNED TRUTH : ववावाताातात्ममजं वानरय यूानूमरुखयख्यूथमुखु्खं्यं । 
Iteration 69: BEST OCR TEXT :  ्न थीर अन ीशीक ।
File tessdata_ramayana/ram025.lstmf page 19 :
Mean rms=4.063%, delta=45.21%, train=102.584%(95.233%), skip ratio=10%
Iteration 70: ALIGNED TRUTH : वेदवेद्ये पपरपरेे पुंसि जाते  दशरथात्मजे ।  
Iteration 70: BEST OCR TEXT : मा त ाा 
File tessdata_ramayana/ram026.lstmf page 19 :
Mean rms=4.05%, delta=44.844%, train=102.326%(95.3%), skip ratio=9.859%
Iteration 71: ALIGNED TRUTH : सर्ववविघ्नप्रशमनं सर्वस दि्धिकररं पररम्ं परम्। 
Iteration 71: BEST OCR TEXT : घेदे ाय े पे ते ा ।
File tessdata_ramayana/ram027.lstmf page 19 :
Mean rms=4.033%, delta=44.359%, train=102.403%(95.018%), skip ratio=9.722%
Iteration 72: ALIGNED TRUTH : वातात्मजं वावानरयूथमुख्यं 
Iteration 72: BEST OCR TEXT : तन्  
File tessdata_ramayana/ram028.lstmf page 19 :
Mean rms=4.023%, delta=44.06%, train=102.085%(95.086%), skip ratio=9.589%
Iteration 73: ALIGNED TRUTH : श्रीरामदमदूूतंं शिरसिरा सनामा नमाा माामि ॥ ६ ॥
Iteration 73: BEST OCR TEXT : कपीा  ाय   
File tessdata_ramayana/ram025.lstmf page 20 :
Mean rms=4.007%, delta=43.629%, train=101.823%(95.153%), skip ratio=9.459%
Iteration 74: ALIGNED TRUTH : सममधुरोपनतार्थवाक्यवद्धम् । 
Iteration 74: BEST OCR TEXT : त   
File tessdata_ramayana/ram026.lstmf page 20 :
Mean rms=4.008%, delta=43.492%, train=101.704%(95.217%), skip ratio=9.333%
Iteration 75: ALIGNED TRUTH : भववतिति यदनुभावावदादेडेडसूकोऽपि ववाग्मी  
Iteration 75: BEST OCR TEXT : म ि विल सा 
File tessdata_ramayana/ram027.lstmf page 20 :
Mean rms=3.992%, delta=43.022%, train=101.384%(95.28%), skip ratio=9.211%
Iteration 76: ALIGNED TRUTH : उल््लड्ध्य सिन्धोः ः सलिलं सलीलं  
Iteration 76: BEST OCR TEXT : ीम    
File tessdata_ramayana/ram028.lstmf page 20 :
Mean rms=3.986%, delta=42.788%, train=101.193%(95.342%), skip ratio=9.091%
Empty truth string!
Can't encode transcription: '' in language ''
Iteration 77: ALIGNED TRUTH : कााञ्चनाद्रिकमनीयविग्रहम्् । 
Iteration 77: BEST OCR TEXT : पाा 
File tessdata_ramayana/ram026.lstmf page 21 :
Mean rms=3.979%, delta=42.518%, train=101.083%(95.401%), skip ratio=10.256%
Iteration 78: ALIGNED TRUTH : जानननकीजानिमिमनिशं वन्दे मद्गगुरुवन्दिदितम् ॥ ५ ॥ ॥ 
Iteration 78: BEST OCR TEXT : सी  िय    
File tessdata_ramayana/ram027.lstmf page 21 :
Mean rms=3.964%, delta=42.12%, train=100.893%(95.46%), skip ratio=10.127%
Iteration 79: ALIGNED TRUTH : काञ्चननाद््रिकमननीयवयिविग्रहम् ।
Iteration 79: BEST OCR TEXT : ' ानेयि न
File tessdata_ramayana/ram028.lstmf page 21 :
Mean rms=3.953%, delta=41.755%, train=100.737%(95.516%), skip ratio=10%
Empty truth string!
Can't encode transcription: '' in language ''
Iteration 80: ALIGNED TRUTH : प्राजानुवाहुमरविन्ददलायताञं
Iteration 80: BEST OCR TEXT : सीापि ुाय  
File tessdata_ramayana/ram026.lstmf page 22 :
Mean rms=3.955%, delta=41.696%, train=100.682%(95.572%), skip ratio=11.111%
Iteration 81: ALIGNED TRUTH : ममिथ्यासिद्धाान्तदुध्वन्तितवििध्वंसननविचक्षणः । 
Iteration 81: BEST OCR TEXT : सनयेत ी 
File tessdata_ramayana/ram027.lstmf page 22 :
Mean rms=3.952%, delta=41.546%, train=100.561%(95.626%), skip ratio=10.976%
Iteration 82: ALIGNED TRUTH : अतृप्तरतं मुनि वन्दे प्राचेतसमकल्मपम् ॥ १२ ॥
Iteration 82: BEST OCR TEXT : धः पि ा
File tessdata_ramayana/ram028.lstmf page 22 :
Mean rms=3.957%, delta=41.497%, train=100.472%(95.678%), skip ratio=10.843%
Iteration 83: ALIGNED TRUTH : वाल्मीकिमुनिसिंहस्य कवितावनचारिणः । 
Iteration 83: BEST OCR TEXT : ्मय
File tessdata_ramayana/ram025.lstmf page 0 :
Mean rms=3.972%, delta=41.853%, train=100.367%(95.73%), skip ratio=10.714%
Empty truth string!
Can't encode transcription: '' in language ''
Iteration 84: ALIGNED TRUTH : सर्वाभीष्टप्रदं रामं सर्वारिािरिष्टनिवारकम् । 
Iteration 84: BEST OCR TEXT : सरवविा   
File tessdata_ramayana/ram027.lstmf page 0 :
Mean rms=3.961%, delta=41.539%, train=100.111%(95.78%), skip ratio=11.765%
Iteration 85: ALIGNED TRUTH : रामायणमहामालारत्नं वन्देऽनिलात्मजम् ॥ १३ ॥
Iteration 85: BEST OCR TEXT : ी 
File tessdata_ramayana/ram028.lstmf page 0 :
Mean rms=3.967%, delta=41.665%, train=100.109%(95.829%), skip ratio=11.628%
Empty truth string!
Can't encode transcription: '' in language ''
Iteration 86: ALIGNED TRUTH : दशशिरसश्च वधं निशाममयच्चम् ॥ ११ ॥ 
Iteration 86: BEST OCR TEXT : ् नी
File tessdata_ramayana/ram026.lstmf page 24 :
Mean rms=3.977%, delta=41.809%, train=100.038%(95.877%), skip ratio=12.644%
Iteration 87: ALIGNED TRUTH : लक्ष्मीनाररायणं ववन््द े तद्भकप्रवरो हि यः। 
Iteration 87: BEST OCR TEXT :  वि   
File tessdata_ramayana/ram027.lstmf page 1 :
Mean rms=3.971%, delta=41.572%, train=99.867%(95.924%), skip ratio=12.5%
Iteration 88: ALIGNED TRUTH : श्रृगवनरामकथानादं को न याति परां गतिम् ॥ ११ ॥
Iteration 88: BEST OCR TEXT : ी  
File tessdata_ramayana/ram028.lstmf page 1 :
Mean rms=3.98%, delta=41.765%, train=99.844%(95.97%), skip ratio=12.36%
Compute CTC targets failed!
Iteration 89: ALIGNED TRUTH : तत्र तत्र कृतमस्तकालिम् । 
Iteration 89: BEST OCR TEXT : य य ा
File tessdata_ramayana/ram026.lstmf page 0 :
Mean rms=3.98%, delta=41.681%, train=99.803%(96.015%), skip ratio=13.333%
Iteration 90: ALIGNED TRUTH : जययतीरर्थाख्यतयरतिरणिर्रा्ं भाासतांां नोो हृदमम्वरे ॥ ॥८॥
Iteration 90: BEST OCR TEXT : म  वि    ७
File tessdata_ramayana/ram027.lstmf page 2 :
Mean rms=3.97%, delta=41.398%, train=99.749%(96.058%), skip ratio=13.187%
Iteration 91: ALIGNED TRUTH : पाद ाया याततेनैव दददाह ललड्डां 
Iteration 91: BEST OCR TEXT : य ि  
File tessdata_ramayana/ram028.lstmf page 2 :
Mean rms=3.958%, delta=41.098%, train=99.616%(96.101%), skip ratio=13.043%
Iteration 92: ALIGNED TRUTH : अज्जनानन्दननं वोरंं जानकीशोकनाशनम । 
Iteration 92: BEST OCR TEXT : य व ि 
File tessdata_ramayana/ram025.lstmf page 3 :
Mean rms=3.952%, delta=40.895%, train=99.557%(96.143%), skip ratio=12.903%
Iteration 93: ALIGNED TRUTH :  प्रादाय तेनैव ददाह लड्कां 
Iteration 93: BEST OCR TEXT :  
File tessdata_ramayana/ram026.lstmf page 1 :
Mean rms=3.953%, delta=40.966%, train=99.522%(96.184%), skip ratio=12.766%
Iteration 94: ALIGNED TRUTH : वेदे रामायणे चैव पुराणे भारते तथा । 
Iteration 94: BEST OCR TEXT : ली    
File tessdata_ramayana/ram027.lstmf page 3 :
Mean rms=3.95%, delta=40.777%, train=99.468%(96.224%), skip ratio=12.632%
Iteration 95: ALIGNED TRUTH : मारुह्यय कविताशास्रां वन्दे वाल्मीकिकोकिलम् ॥ १०॥
Iteration 95: BEST OCR TEXT :     
File tessdata_ramayana/ram028.lstmf page 3 :
Mean rms=3.951%, delta=40.772%, train=99.387%(96.264%), skip ratio=12.5%
Iteration 96: ALIGNED TRUTH : श्रीीवैष्््णवसम्प्रदााय 
Iteration 96: BEST OCR TEXT : क ाा  ,      ी  
File tessdata_ramayana/ram025.lstmf page 4 :
Mean rms=3.951%, delta=40.812%, train=99.909%(96.302%), skip ratio=12.371%
Iteration 97: ALIGNED TRUTH : रघुवरचरितं मुनिप्रणीतं 
Iteration 97: BEST OCR TEXT : समप 
File tessdata_ramayana/ram026.lstmf page 2 :
Mean rms=3.952%, delta=40.757%, train=99.821%(96.34%), skip ratio=12.245%
Iteration 98: ALIGNED TRUTH : प्रसन्नवदनं ध्यायेत्सर्वविध्नोपशान्तये ॥ १॥ 
Iteration 98: BEST OCR TEXT : 
File tessdata_ramayana/ram027.lstmf page 4 :
Mean rms=3.967%, delta=41.079%, train=99.823%(96.377%), skip ratio=12.121%
Iteration 99: ALIGNED TRUTH : वाल्मीकैर्मुनिसिंहस्य कवितावनचारिगाः । 
Iteration 99: BEST OCR TEXT :    
File tessdata_ramayana/ram028.lstmf page 4 :
Mean rms=3.967%, delta=41.001%, train=99.748%(96.413%), skip ratio=12%
2 Percent improvement time=100, best error was 100 @ 0
At iteration 100/100/112, Mean rms=3.967%, delta=41.001%, char train=99.748%, word train=96.413%, skip ratio=12%,  New best char error = 99.748 wrote checkpoint.

Finished! Error rate = 99.748
ERROR: Could not parse int32_t from {300..700..100}
Loaded file build/ram_checkpoint, unpacking...
Loaded 16/16 pages (1-16) of document tessdata_ramayana/ram-eval.lstmf
Warning: LSTMTrainer deserialized an LSTMRecognizer!
At iteration 0, stage 0, Eval Char error rate=78.541606, Word error rate=97.33631
Tesseract Open Source OCR Engine v5.0.0-alpha-360-gfdf4 with Leptonica
9.38user 0.18system 0:03.19elapsed 299%CPU (0avgtext+0avgdata 137940maxresident)k
0inputs+8outputs (0major+69859minor)pagefaults 0swaps

======================================================================
[-ग्रन्थ में व्यवहृत सङ्केताक्षरों की व्याख्या 

(गो०) गोविन्दराजीय भूषणटीका । 

(रा० ) नागेश भट्ट की रामाभिरामी टीका। 

(शि०) शिवसहायराम की शिरोमणिटीका । 

(वि०) विषमपदविवृतिटीका।-]{+न्थ म व्यत स+}
======================================================================
  [-) जो वाक्य ऐसे कोष्टक के भीतर हैं वे अनुवादक के 

अपने हैं और कथा-] {+०) य
(०) न+}
======================================================================
 [-असङ्गति दूर करने के लिये 

जोड़ दिये गये हैं। 

[नोट] ऐसे कोष्टक के भीतर मिहीन अक्षरों में जो " नोट" 

अर्थात टिप्पणियां दी गयी हैं,-] {+र
(०) य
(०)
(य स न क त+}
======================================================================
 [-अनुवादक के स्वतंत्र 

विचार हैं। 

(शि० गो० ) अनुवाद के जिस श्लोक के अन्त में (शि०)-]
{+ने र त
ज य
[नो | से क क भी म
व यी
व्च
ह (शि ०) न ज क शया
य ये व ये
व
य
या+}
======================================================================
 

[-(गो०) अक्षर दिये गये हैं, वहाँ समझना चाहिये 

कि वह श्लोक शिरोमणि टीकाकार के मतानुसार 

अथवा गोविन्दराजीय भूषणटीका के अनुसार 

अनूदित किया गया है।-] {+ह+}
======================================================================
tessdata_ramayana/ram-eval.gt.txt: 108 words  4 4% common  0 0% deleted  104 96% changed
build/ram-eval.txt: 51 words  4 8% common  0 0% inserted  47 92% changed
Convert to Integer Model
Loaded file build/ram_checkpoint, unpacking...
Loaded 16/16 pages (1-16) of document tessdata_ramayana/ram-eval.lstmf
Warning: LSTMTrainer deserialized an LSTMRecognizer!
At iteration 0, stage 0, Eval Char error rate=76.729553, Word error rate=97.33631
Tesseract Open Source OCR Engine v5.0.0-alpha-360-gfdf4 with Leptonica
5.62user 0.16system 0:02.22elapsed 259%CPU (0avgtext+0avgdata 129152maxresident)k
0inputs+8outputs (0major+60787minor)pagefaults 0swaps

======================================================================
[-ग्रन्थ में व्यवहृत सङ्केताक्षरों की व्याख्या 

(गो०) गोविन्दराजीय भूषणटीका । 

(रा० ) नागेश भट्ट की रामाभिरामी टीका। 

(शि०) शिवसहायराम की शिरोमणिटीका । 

(वि०) विषमपदविवृतिटीका।-]{+न्थ म व्यत स+}
======================================================================
  [-) जो वाक्य ऐसे कोष्टक के भीतर हैं वे अनुवादक के 

अपने हैं और कथा-] {+०) य
(०) ना न+}
======================================================================
 [-असङ्गति दूर करने के लिये 

जोड़ दिये गये हैं। 

[नोट] ऐसे कोष्टक के भीतर मिहीन अक्षरों में जो " नोट" 

अर्थात टिप्पणियां दी गयी हैं,-] {+मी
( ०) य
(०) व
(जा स न क त+}
======================================================================
 [-अनुवादक के स्वतंत्र 

विचार हैं। 

(शि० गो० ) अनुवाद के जिस श्लोक के अन्त में (शि०)-]
{+ने हे र यी ते न य
ज य
[नो | से क क भी मी
वय यी
च ।
ह ( शि ०) न ज क श) या
न) य ये व ये
व
या व
त या+}
======================================================================
 

[-(गो०) अक्षर दिये गये हैं, वहाँ समझना चाहिये 

कि वह श्लोक शिरोमणि टीकाकार के मतानुसार 

अथवा गोविन्दराजीय भूषणटीका के अनुसार 

अनूदित किया गया है।-] {+ह+}
======================================================================
tessdata_ramayana/ram-eval.gt.txt: 108 words  4 4% common  0 0% deleted  104 96% changed
build/ram_int-eval.txt: 64 words  4 6% common  0 0% inserted  60 94% changed
Compare with Devanagari
Loaded 16/16 pages (1-16) of document tessdata_ramayana/ram-eval.lstmf
Warning: LSTMTrainer deserialized an LSTMRecognizer!
At iteration 0, stage 0, Eval Char error rate=23.493713, Word error rate=47.414773
Tesseract Open Source OCR Engine v5.0.0-alpha-360-gfdf4 with Leptonica
9.06user 0.22system 0:03.12elapsed 297%CPU (0avgtext+0avgdata 138084maxresident)k
0inputs+8outputs (0major+69869minor)pagefaults 0swaps

======================================================================
 [-सङ्केताक्षरों-] {+सङ्तात्षरों+}
======================================================================
 

[-(गो०) गोविन्दराजीय भूषणटीका-]

{+( ये।० ) गोरविन्द्राजीय भूषणटी९।+}
======================================================================
 

[-(रा०-]

{+( रा०+}
======================================================================
 [-टीका। 

(शि०) शिवसहायराम-] {+टीका ।

( शशि० ) शिवसदायरास+}
======================================================================
 

[-(वि०) विषमपदविवृतिटीका।-]
======================================================================
 {+वि०+}
======================================================================
 [-जो वाक्य-] {+विषमपद्विवक्वतिटीका ।

( ) ज्ञा घाक्य+}
======================================================================
 [-अनुवादक-] {+श्रनुवादक+}
======================================================================
 

[-अपने-] {+'
पने+}
======================================================================
 [-और-] {+घौर+}
======================================================================
 [-असङ्गति-] {+झसङ्ति।+}
======================================================================
 

[-जोड़-]
{+ज्ञाड़+}
======================================================================
 [-गये हैं। 

[नोट] ऐसे-] {+गयेहें ।

[ नोट ] पेसे+}
======================================================================
 [-मिहीन अक्षरों-] {+मिद्दीन झत्तरों+}
======================================================================
 [-जो " नोट" 

अर्थात टिप्पणियां दी-] {+ज्ञा “ नोट "”
श्मर्थात्‌ टिप्पणियाँ दो+}
======================================================================
 [-हैं। 

(शि०-] {+हें ।

( शि०+}
======================================================================
 [-अनुवाद-] {+झसुवाद+}
======================================================================
 [-श्लोक-] {+श्छोक+}
======================================================================
 [-अन्त-] {+शन्त+}
======================================================================
 [-(शि०)-] {+( शि९ )+}
======================================================================
 

[-(गो०) अक्षर-]

{+, ( गो० ) शअक्षर+}
======================================================================
 [-वह श्लोक शिरोमणि टीकाकार के मतानुसार 

अथवा गोविन्दराजीय-] {+बह श्टोक शिरामणि ठीकाकार के मतासुसार

खथवा शाविन्दराजीय+}
======================================================================
 [-अनुसार 

अनूदित-] {+धनुसार
गरनूदित+}
======================================================================
tessdata_ramayana/ram-eval.gt.txt: 108 words  61 56% common  2 2% deleted  45 42% changed
build/ram-eval-deva.txt: 128 words  61 48% common  1 1% inserted  66 52% changed
Compare with Sanskrit
Loaded 16/16 pages (1-16) of document tessdata_ramayana/ram-eval.lstmf
Warning: LSTMTrainer deserialized an LSTMRecognizer!
Encoding of string failed! Failure bytes: ffffffe0 ffffffa4 ffffff94 ffffffe0 ffffffa4 ffffffb0 20 ffffffe0 ffffffa4 ffffff95 ffffffe0 ffffffa4 ffffffa5 ffffffe0 ffffffa4 ffffffbe 20 ffffffe0 ffffffa4 ffffff95 ffffffe0 ffffffa5 ffffff80 20 ffffffe0 ffffffa4 ffffff85 ffffffe0 ffffffa4 ffffffb8 ffffffe0 ffffffa4 ffffff99 ffffffe0 ffffffa5 ffffff8d ffffffe0 ffffffa4 ffffff97 ffffffe0 ffffffa4 ffffffa4 ffffffe0 ffffffa4 ffffffbf 20 ffffffe0 ffffffa4 ffffffa6 ffffffe0 ffffffa5 ffffff82 ffffffe0 ffffffa4 ffffffb0 20 ffffffe0 ffffffa4 ffffff95 ffffffe0 ffffffa4 ffffffb0 ffffffe0 ffffffa4 ffffffa8 ffffffe0 ffffffa5 ffffff87 20 ffffffe0 ffffffa4 ffffff95 ffffffe0 ffffffa5 ffffff87 20 ffffffe0 ffffffa4 ffffffb2 ffffffe0 ffffffa4 ffffffbf ffffffe0 ffffffa4 ffffffaf ffffffe0 ffffffa5 ffffff87 20
Can't encode transcription: 'अपने हैं और कथा की असङ्गति दूर करने के लिये ' in language ''
Encoding of string failed! Failure bytes: ffffffe0 ffffffa4 ffffff90 ffffffe0 ffffffa4 ffffffb8 ffffffe0 ffffffa5 ffffff87 20 ffffffe0 ffffffa4 ffffff95 ffffffe0 ffffffa5 ffffff8b ffffffe0 ffffffa4 ffffffb7 ffffffe0 ffffffa5 ffffff8d ffffffe0 ffffffa4 ffffff9f ffffffe0 ffffffa4 ffffff95 20 ffffffe0 ffffffa4 ffffff95 ffffffe0 ffffffa5 ffffff87 20 ffffffe0 ffffffa4 ffffffad ffffffe0 ffffffa5 ffffff80 ffffffe0 ffffffa4 ffffffa4 ffffffe0 ffffffa4 ffffffb0 20 ffffffe0 ffffffa4 ffffffb9 ffffffe0 ffffffa5 ffffff88 ffffffe0 ffffffa4 ffffff82 20 ffffffe0 ffffffa4 ffffffb5 ffffffe0 ffffffa5 ffffff87 20 ffffffe0 ffffffa4 ffffff85 ffffffe0 ffffffa4 ffffffa8 ffffffe0 ffffffa5 ffffff81 ffffffe0 ffffffa4 ffffffb5 ffffffe0 ffffffa4 ffffffbe ffffffe0 ffffffa4 ffffffa6 ffffffe0 ffffffa4 ffffff95 20 ffffffe0 ffffffa4 ffffff95 ffffffe0 ffffffa5 ffffff87 20
Can't encode transcription: '(  ) जो वाक्य ऐसे कोष्टक के भीतर हैं वे अनुवादक के ' in language ''
Encoding of string failed! Failure bytes: ffffffe0 ffffffa4 ffffff9d ffffffe0 ffffffa4 ffffffa8 ffffffe0 ffffffa4 ffffffbe 20 ffffffe0 ffffffa4 ffffff9a ffffffe0 ffffffa4 ffffffbe ffffffe0 ffffffa4 ffffffb9 ffffffe0 ffffffa4 ffffffbf ffffffe0 ffffffa4 ffffffaf ffffffe0 ffffffa5 ffffff87 20
Can't encode transcription: '(गो०) अक्षर दिये गये हैं, वहाँ समझना चाहिये ' in language ''
Encoding of string failed! Failure bytes: ffffffe0 ffffffa4 ffffff90 ffffffe0 ffffffa4 ffffffb8 ffffffe0 ffffffa5 ffffff87 20 ffffffe0 ffffffa4 ffffff95 ffffffe0 ffffffa5 ffffff8b ffffffe0 ffffffa4 ffffffb7 ffffffe0 ffffffa5 ffffff8d ffffffe0 ffffffa4 ffffff9f ffffffe0 ffffffa4 ffffff95 20 ffffffe0 ffffffa4 ffffff95 ffffffe0 ffffffa5 ffffff87 20 ffffffe0 ffffffa4 ffffffad ffffffe0 ffffffa5 ffffff80 ffffffe0 ffffffa4 ffffffa4 ffffffe0 ffffffa4 ffffffb0 20 ffffffe0 ffffffa4 ffffffae ffffffe0 ffffffa4 ffffffbf ffffffe0 ffffffa4 ffffffb9 ffffffe0 ffffffa5 ffffff80 ffffffe0 ffffffa4 ffffffa8 20 ffffffe0 ffffffa4 ffffff85 ffffffe0 ffffffa4 ffffff95 ffffffe0 ffffffa5 ffffff8d ffffffe0 ffffffa4 ffffffb7 ffffffe0 ffffffa4 ffffffb0 ffffffe0 ffffffa5 ffffff8b ffffffe0 ffffffa4 ffffff82 20 ffffffe0 ffffffa4 ffffffae ffffffe0 ffffffa5 ffffff87 ffffffe0 ffffffa4 ffffff82 20 ffffffe0 ffffffa4 ffffff9c ffffffe0 ffffffa5 ffffff8b 20 22 20 ffffffe0 ffffffa4 ffffffa8 ffffffe0 ffffffa5 ffffff8b ffffffe0 ffffffa4 ffffff9f 22 20
Can't encode transcription: '[नोट] ऐसे कोष्टक के भीतर मिहीन अक्षरों में जो " नोट" ' in language ''
Encoding of string failed! Failure bytes: ffffffe0 ffffffa4 ffffff94 ffffffe0 ffffffa4 ffffffb0 20 ffffffe0 ffffffa4 ffffff95 ffffffe0 ffffffa4 ffffffa5 ffffffe0 ffffffa4 ffffffbe 20 ffffffe0 ffffffa4 ffffff95 ffffffe0 ffffffa5 ffffff80 20 ffffffe0 ffffffa4 ffffff85 ffffffe0 ffffffa4 ffffffb8 ffffffe0 ffffffa4 ffffff99 ffffffe0 ffffffa5 ffffff8d ffffffe0 ffffffa4 ffffff97 ffffffe0 ffffffa4 ffffffa4 ffffffe0 ffffffa4 ffffffbf 20 ffffffe0 ffffffa4 ffffffa6 ffffffe0 ffffffa5 ffffff82 ffffffe0 ffffffa4 ffffffb0 20 ffffffe0 ffffffa4 ffffff95 ffffffe0 ffffffa4 ffffffb0 ffffffe0 ffffffa4 ffffffa8 ffffffe0 ffffffa5 ffffff87 20 ffffffe0 ffffffa4 ffffff95 ffffffe0 ffffffa5 ffffff87 20 ffffffe0 ffffffa4 ffffffb2 ffffffe0 ffffffa4 ffffffbf ffffffe0 ffffffa4 ffffffaf ffffffe0 ffffffa5 ffffff87 20
Can't encode transcription: 'अपने हैं और कथा की असङ्गति दूर करने के लिये ' in language ''
At iteration 0, stage 0, Eval Char error rate=38.753855, Word error rate=73.338294
Tesseract Open Source OCR Engine v5.0.0-alpha-360-gfdf4 with Leptonica
4.29user 0.13system 0:01.78elapsed 248%CPU (0avgtext+0avgdata 115448maxresident)k
0inputs+8outputs (0major+54524minor)pagefaults 0swaps

======================================================================
[-ग्रन्थ में-]{+न्थ म॑+}
======================================================================
 [-सङ्केताक्षरों की-] {+सङ्तात्तरो री+}
======================================================================
 

[-(गो०) गोविन्दराजीय भूषणटीका । 

(रा०-]

{+( गा०+}
======================================================================
 {+गेविन्दसजीय भृष्टी ¦

( रा० }+}
======================================================================
 [-भट्ट-] {+मड+}
======================================================================
 [-रामाभिरामी टीका। 

(शि०) शिवसहायराम-] {+रामाभिसमी रीका ।

( शि० ) शिवसद्ाययम+}
======================================================================
 [-शिरोमणिटीका-] {+शिरोपणिरीक्रा+}
======================================================================
 

[-(वि०) विषमपदविवृतिटीका।-]
======================================================================
 {+वि०+}
======================================================================
 [-जो वाक्य ऐसे कोष्टक के-] {+विषमपद्विदुतिरीका |

( ) ज्ञा चाक्य पसे काणक कै+}
======================================================================
 [-हैं वे अनुवादक के 

अपने हैं और-] {+हवे श्रचुवादक कै.
पने दह ्नौर+}
======================================================================
 [-असङ्गति दूर-] {+खङ्कुति। दुर+}
======================================================================
 

[-जोड़-]
{+जाड+}
======================================================================
 [-गये हैं। 

[नोट] ऐसे कोष्टक-] {+गगरे ।

[ नोट | पेसे कोक+}
======================================================================
 [-अक्षरों में जो " नोट" 

अर्थात टिप्पणियां-] {+्तर्योमे ज्ञा “ नोट "'
श्र्थात्‌ यिप्पशि्या+}
======================================================================
 [-गयी हैं,-] {+गयो है,+}
======================================================================
 [-अनुवादक के स्वतंत्र 

विचार हैं। 

(शि०-] {+ध्रञवाद्क फे स्वर्त्च
विचारदहे।

्‌ ( शि०+}
======================================================================
 [-अनुवाद-] {+श्तुवाद्‌+}
======================================================================
 [-श्लोक-] {+शोक+}
======================================================================
 [-अन्त में (शि०) या 

(गो०) अक्षर-] {+न्त मे ( शि०)या

, (८ गो० ) अन्तर+}
======================================================================
 [-हैं, वहाँ समझना चाहिये-] {+है, वरहा खमना चादिये+}
======================================================================
 [-श्लोक शिरोमणि टीकाकार के मतानुसार 

अथवा गोविन्दराजीय भूषणटीका-] {+छोच शिथिमरणि दीकाकार कै मताद्धसार

| मथवा गाविन्दराजीथ भूष्णटीका+}
======================================================================
 [-अनुसार 

अनूदित-] {+ध्रचुसार
दमनूद्दित+}
======================================================================
 [-है।-] {+है !+}
======================================================================
tessdata_ramayana/ram-eval.gt.txt: 108 words  33 31% common  2 2% deleted  73 68% changed
build/ram-eval-san.txt: 124 words  33 27% common  7 6% inserted  84 68% changed
